<?xml version="1.0" encoding="UTF-8"?>
<testng-results skipped="0" failed="0" ignored="0" total="1" passed="1">
  <reporter-output>
    <line>
      <![CDATA[Welcome to www.urbanladder.com]]>
    </line>
    <line>
      <![CDATA[Logged in successfully...!!]]>
    </line>
    <line>
      <![CDATA[Coffee Tables Page is displayed...]]>
    </line>
    <line>
      <![CDATA[Compare page is displayed...]]>
    </line>
    <line>
      <![CDATA[Item 2 is greater...!!]]>
    </line>
    <line>
      <![CDATA[Logged out successfully...!!]]>
    </line>
  </reporter-output>
  <suite name="Default suite" duration-ms="114222" started-at="2018-10-20T10:49:33Z" finished-at="2018-10-20T10:51:27Z">
    <groups>
    </groups>
    <test name="Default test" duration-ms="114222" started-at="2018-10-20T10:49:33Z" finished-at="2018-10-20T10:51:27Z">
      <class name="tests.AddToCompare">
        <test-method status="PASS" signature="launchApplication()[pri:0, instance:tests.AddToCompare@12fc6eb]" name="launchApplication" is-config="true" duration-ms="56791" started-at="2018-10-20T10:49:33Z" finished-at="2018-10-20T10:50:30Z">
          <reporter-output>
          </reporter-output>
        </test-method> <!-- launchApplication -->
        <test-method status="PASS" signature="loginLogout()[pri:0, instance:tests.AddToCompare@12fc6eb]" name="loginLogout" duration-ms="55073" started-at="2018-10-20T10:50:30Z" finished-at="2018-10-20T10:51:25Z">
          <reporter-output>
            <line>
              <![CDATA[Welcome to www.urbanladder.com]]>
            </line>
            <line>
              <![CDATA[Logged in successfully...!!]]>
            </line>
            <line>
              <![CDATA[Coffee Tables Page is displayed...]]>
            </line>
            <line>
              <![CDATA[Compare page is displayed...]]>
            </line>
            <line>
              <![CDATA[Item 2 is greater...!!]]>
            </line>
            <line>
              <![CDATA[Logged out successfully...!!]]>
            </line>
          </reporter-output>
        </test-method> <!-- loginLogout -->
        <test-method status="PASS" signature="close()[pri:0, instance:tests.AddToCompare@12fc6eb]" name="close" is-config="true" duration-ms="2313" started-at="2018-10-20T10:51:25Z" finished-at="2018-10-20T10:51:27Z">
          <reporter-output>
          </reporter-output>
        </test-method> <!-- close -->
      </class> <!-- tests.AddToCompare -->
    </test> <!-- Default test -->
  </suite> <!-- Default suite -->
</testng-results>
